[debug] [2022-05-10T07:27:25.756Z] ----------------------------------------------------------------------
[debug] [2022-05-10T07:27:25.759Z] Command:       C:\Program Files\nodejs\node.exe C:\Users\Titan\AppData\Roaming\npm\node_modules\firebase-tools\lib\bin\firebase.js emulators:start --only functions
[debug] [2022-05-10T07:27:25.760Z] CLI Version:   10.7.1
[debug] [2022-05-10T07:27:25.760Z] Platform:      win32
[debug] [2022-05-10T07:27:25.760Z] Node Version:  v16.13.1
[debug] [2022-05-10T07:27:25.761Z] Time:          Tue May 10 2022 12:57:25 GMT+0530 (India Standard Time)
[debug] [2022-05-10T07:27:25.762Z] ----------------------------------------------------------------------
[debug] 
[debug] [2022-05-10T07:27:25.830Z] > command requires scopes: ["email","openid","https://www.googleapis.com/auth/cloudplatformprojects.readonly","https://www.googleapis.com/auth/firebase","https://www.googleapis.com/auth/cloud-platform"]
[debug] [2022-05-10T07:27:25.831Z] > authorizing via signed-in user (titanekanayake9@gmail.com)
[info] i  emulators: Starting emulators: functions {"metadata":{"emulator":{"name":"hub"},"message":"Starting emulators: functions"}}
[debug] [2022-05-10T07:27:25.867Z] [hub] writing locator at C:\Users\Titan\AppData\Local\Temp\hub-finaldb-e07d3.json
[warn] !  functions: The following emulators are not running, calls to these services from the Functions emulator will affect production: auth, firestore, database, hosting, pubsub, storage {"metadata":{"emulator":{"name":"functions"},"message":"The following emulators are not running, calls to these services from the Functions emulator will affect production: \u001b[1mauth, firestore, database, hosting, pubsub, storage\u001b[22m"}}
[info] +  functions: Using node@16 from host. {"metadata":{"emulator":{"name":"functions"},"message":"Using node@16 from host."}}
[debug] [2022-05-10T07:27:26.185Z] defaultcredentials: writing to file C:\Users\Titan\AppData\Roaming\firebase\titanekanayake9_gmail_com_application_default_credentials.json
[debug] [2022-05-10T07:27:26.186Z] Setting GAC to C:\Users\Titan\AppData\Roaming\firebase\titanekanayake9_gmail_com_application_default_credentials.json {"metadata":{"emulator":{"name":"functions"},"message":"Setting GAC to C:\\Users\\Titan\\AppData\\Roaming\\firebase\\titanekanayake9_gmail_com_application_default_credentials.json"}}
[debug] [2022-05-10T07:27:26.188Z] >>> [apiv2][query] GET https://firebase.googleapis.com/v1beta1/projects/finaldb-e07d3/adminSdkConfig [none]
[debug] [2022-05-10T07:27:26.819Z] <<< [apiv2][status] GET https://firebase.googleapis.com/v1beta1/projects/finaldb-e07d3/adminSdkConfig 200
[debug] [2022-05-10T07:27:26.819Z] <<< [apiv2][body] GET https://firebase.googleapis.com/v1beta1/projects/finaldb-e07d3/adminSdkConfig {"projectId":"finaldb-e07d3","databaseURL":"https://finaldb-e07d3-default-rtdb.asia-southeast1.firebasedatabase.app","storageBucket":"finaldb-e07d3.appspot.com","locationId":"asia-south1"}
[debug] [2022-05-10T07:27:26.843Z] Ignoring unsupported arg: auto_download {"metadata":{"emulator":{"name":"ui"},"message":"Ignoring unsupported arg: auto_download"}}
[debug] [2022-05-10T07:27:26.844Z] Ignoring unsupported arg: port {"metadata":{"emulator":{"name":"ui"},"message":"Ignoring unsupported arg: port"}}
[debug] [2022-05-10T07:27:26.844Z] Starting Emulator UI with command {"binary":"node","args":["C:\\Users\\Titan\\.cache\\firebase\\emulators\\ui-v1.6.5\\server.bundle.js"],"optionalArgs":[],"joinArgs":false} {"metadata":{"emulator":{"name":"ui"},"message":"Starting Emulator UI with command {\"binary\":\"node\",\"args\":[\"C:\\\\Users\\\\Titan\\\\.cache\\\\firebase\\\\emulators\\\\ui-v1.6.5\\\\server.bundle.js\"],\"optionalArgs\":[],\"joinArgs\":false}"}}
[info] i  ui: Emulator UI logging to ui-debug.log {"metadata":{"emulator":{"name":"ui"},"message":"Emulator UI logging to \u001b[1mui-debug.log\u001b[22m"}}
[debug] [2022-05-10T07:27:26.963Z] Web / API server started at localhost:4000
 {"metadata":{"emulator":{"name":"ui"},"message":"Web / API server started at localhost:4000\n"}}
[info] i  functions: Watching "C:\LMS\React\final-project\functions" for Cloud Functions... {"metadata":{"emulator":{"name":"functions"},"message":"Watching \"C:\\LMS\\React\\final-project\\functions\" for Cloud Functions..."}}
[debug] [2022-05-10T07:27:27.122Z] Validating nodejs source
[warn] !  functions: package.json indicates an outdated version of firebase-functions. Please upgrade using npm install --save firebase-functions@latest in your functions directory. 
[debug] [2022-05-10T07:27:29.279Z] > [functions] package.json contents: {
  "name": "functions",
  "description": "Cloud Functions for Firebase",
  "scripts": {
    "serve": "firebase emulators:start --only functions",
    "shell": "firebase functions:shell",
    "start": "npm run shell",
    "deploy": "firebase deploy --only functions",
    "logs": "firebase functions:log"
  },
  "engines": {
    "node": "16"
  },
  "main": "index.js",
  "dependencies": {
    "firebase-admin": "^10.0.2",
    "firebase-functions": "^3.18.0"
  },
  "devDependencies": {
    "firebase-functions-test": "^0.2.0"
  },
  "private": true
}
[debug] [2022-05-10T07:27:29.279Z] Building nodejs source
[debug] [2022-05-10T07:27:29.279Z] Analyzing nodejs backend spec
[info] +  functions[us-central1-addAdminRole]: http function initialized (http://localhost:5001/finaldb-e07d3/us-central1/addAdminRole). {"metadata":{"emulator":{"name":"functions"},"message":"\u001b[1mhttp\u001b[22m function initialized (http://localhost:5001/finaldb-e07d3/us-central1/addAdminRole)."}}
[info] 
┌─────────────────────────────────────────────────────────────┐
│ ✔  All emulators ready! It is now safe to connect your app. │
│ i  View Emulator UI at http://localhost:4000                │
└─────────────────────────────────────────────────────────────┘

┌───────────┬────────────────┬─────────────────────────────────┐
│ Emulator  │ Host:Port      │ View in Emulator UI             │
├───────────┼────────────────┼─────────────────────────────────┤
│ Functions │ localhost:5001 │ http://localhost:4000/functions │
└───────────┴────────────────┴─────────────────────────────────┘
  Emulator Hub running at localhost:4400
  Other reserved ports: 4500

Issues? Report them at https://github.com/firebase/firebase-tools/issues and attach the *-debug.log files.
 
[debug] [2022-05-10T07:51:11.037Z] Received signal SIGHUP 1
